{
  "0 debug pnpm:scope": {
    "selected": 1,
    "workspacePrefix": "/Users/marshall/workspace/develop/ispace/microapp/apollo-microapp"
  },
  "1 error pnpm": {
    "errno": 1,
    "code": "ELIFECYCLE",
    "pkgid": "apollo-microapp@1.0.0",
    "stage": "dev:app1",
    "script": "vite packages/app1",
    "pkgname": "apollo-microapp",
    "err": {
      "name": "pnpm",
      "message": "apollo-microapp@1.0.0 dev:app1: `vite packages/app1`\nExit status 1",
      "code": "ELIFECYCLE",
      "stack": "pnpm: apollo-microapp@1.0.0 dev:app1: `vite packages/app1`\nExit status 1\n    at EventEmitter.<anonymous> (/usr/local/pnpm-global/5/node_modules/.pnpm/pnpm@7.0.0/node_modules/pnpm/dist/pnpm.cjs:106732:20)\n    at EventEmitter.emit (node:events:526:28)\n    at ChildProcess.<anonymous> (/usr/local/pnpm-global/5/node_modules/.pnpm/pnpm@7.0.0/node_modules/pnpm/dist/pnpm.cjs:93301:18)\n    at ChildProcess.emit (node:events:526:28)\n    at maybeClose (node:internal/child_process:1092:16)\n    at Process.ChildProcess._handle.onexit (node:internal/child_process:302:5)"
    }
  }
}